

Started GET "/cats" for 127.0.0.1 at 2016-10-05 20:21:34 -0700

ActiveRecord::NoDatabaseError - FATAL:  database "ninety_nine_cats_dev" does not exist
Run `$ bin/rake db:create db:migrate` to create your database:
  activerecord (4.1.6) lib/active_record/connection_adapters/postgresql_adapter.rb:898:in `rescue in connect'
  activerecord (4.1.6) lib/active_record/connection_adapters/postgresql_adapter.rb:888:in `connect'
  activerecord (4.1.6) lib/active_record/connection_adapters/postgresql_adapter.rb:568:in `initialize'
  activerecord (4.1.6) lib/active_record/connection_adapters/postgresql_adapter.rb:41:in `postgresql_connection'
  activerecord (4.1.6) lib/active_record/connection_adapters/abstract/connection_pool.rb:435:in `new_connection'
  activerecord (4.1.6) lib/active_record/connection_adapters/abstract/connection_pool.rb:445:in `checkout_new_connection'
  activerecord (4.1.6) lib/active_record/connection_adapters/abstract/connection_pool.rb:416:in `acquire_connection'
  activerecord (4.1.6) lib/active_record/connection_adapters/abstract/connection_pool.rb:351:in `block in checkout'
  /home/daniel/.rbenv/versions/2.3.1/lib/ruby/2.3.0/monitor.rb:214:in `mon_synchronize'
  activerecord (4.1.6) lib/active_record/connection_adapters/abstract/connection_pool.rb:350:in `checkout'
  activerecord (4.1.6) lib/active_record/connection_adapters/abstract/connection_pool.rb:265:in `block in connection'
  /home/daniel/.rbenv/versions/2.3.1/lib/ruby/2.3.0/monitor.rb:214:in `mon_synchronize'
  activerecord (4.1.6) lib/active_record/connection_adapters/abstract/connection_pool.rb:264:in `connection'
  activerecord (4.1.6) lib/active_record/connection_adapters/abstract/connection_pool.rb:541:in `retrieve_connection'
  activerecord (4.1.6) lib/active_record/connection_handling.rb:113:in `retrieve_connection'
  activerecord (4.1.6) lib/active_record/connection_handling.rb:87:in `connection'
  activerecord (4.1.6) lib/active_record/migration.rb:388:in `check_pending!'
  activerecord (4.1.6) lib/active_record/migration.rb:377:in `call'
  actionpack (4.1.6) lib/action_dispatch/middleware/callbacks.rb:29:in `block in call'
  activesupport (4.1.6) lib/active_support/callbacks.rb:82:in `run_callbacks'
  actionpack (4.1.6) lib/action_dispatch/middleware/callbacks.rb:27:in `call'
  actionpack (4.1.6) lib/action_dispatch/middleware/reloader.rb:73:in `call'
  actionpack (4.1.6) lib/action_dispatch/middleware/remote_ip.rb:76:in `call'
  better_errors (2.1.1) lib/better_errors/middleware.rb:84:in `protected_app_call'
  better_errors (2.1.1) lib/better_errors/middleware.rb:79:in `better_errors_call'
  better_errors (2.1.1) lib/better_errors/middleware.rb:57:in `call'
  actionpack (4.1.6) lib/action_dispatch/middleware/debug_exceptions.rb:17:in `call'
  actionpack (4.1.6) lib/action_dispatch/middleware/show_exceptions.rb:30:in `call'
  railties (4.1.6) lib/rails/rack/logger.rb:38:in `call_app'
  railties (4.1.6) lib/rails/rack/logger.rb:20:in `block in call'
  activesupport (4.1.6) lib/active_support/tagged_logging.rb:68:in `block in tagged'
  activesupport (4.1.6) lib/active_support/tagged_logging.rb:26:in `tagged'
  activesupport (4.1.6) lib/active_support/tagged_logging.rb:68:in `tagged'
  railties (4.1.6) lib/rails/rack/logger.rb:20:in `call'
  actionpack (4.1.6) lib/action_dispatch/middleware/request_id.rb:21:in `call'
  rack (1.5.5) lib/rack/methodoverride.rb:21:in `call'
  rack (1.5.5) lib/rack/runtime.rb:17:in `call'
  activesupport (4.1.6) lib/active_support/cache/strategy/local_cache_middleware.rb:26:in `call'
  rack (1.5.5) lib/rack/lock.rb:17:in `call'
  actionpack (4.1.6) lib/action_dispatch/middleware/static.rb:64:in `call'
  rack (1.5.5) lib/rack/sendfile.rb:112:in `call'
  railties (4.1.6) lib/rails/engine.rb:514:in `call'
  railties (4.1.6) lib/rails/application.rb:144:in `call'
  rack (1.5.5) lib/rack/lock.rb:17:in `call'
  rack (1.5.5) lib/rack/content_length.rb:14:in `call'
  rack (1.5.5) lib/rack/handler/webrick.rb:60:in `service'
  /home/daniel/.rbenv/versions/2.3.1/lib/ruby/2.3.0/webrick/httpserver.rb:140:in `service'
  /home/daniel/.rbenv/versions/2.3.1/lib/ruby/2.3.0/webrick/httpserver.rb:96:in `run'
  /home/daniel/.rbenv/versions/2.3.1/lib/ruby/2.3.0/webrick/server.rb:296:in `block in start_thread'



Started POST "/__better_errors/8820b55a94872cad/variables" for 127.0.0.1 at 2016-10-05 20:21:34 -0700


Started GET "/cats" for 127.0.0.1 at 2016-10-05 20:21:57 -0700

ActiveRecord::PendingMigrationError - 

Migrations are pending. To resolve this issue, run:

	bin/rake db:migrate RAILS_ENV=development

:
  activerecord (4.1.6) lib/active_record/migration.rb:389:in `check_pending!'
  activerecord (4.1.6) lib/active_record/migration.rb:377:in `call'
  actionpack (4.1.6) lib/action_dispatch/middleware/callbacks.rb:29:in `block in call'
  activesupport (4.1.6) lib/active_support/callbacks.rb:82:in `run_callbacks'
  actionpack (4.1.6) lib/action_dispatch/middleware/callbacks.rb:27:in `call'
  actionpack (4.1.6) lib/action_dispatch/middleware/reloader.rb:73:in `call'
  actionpack (4.1.6) lib/action_dispatch/middleware/remote_ip.rb:76:in `call'
  better_errors (2.1.1) lib/better_errors/middleware.rb:84:in `protected_app_call'
  better_errors (2.1.1) lib/better_errors/middleware.rb:79:in `better_errors_call'
  better_errors (2.1.1) lib/better_errors/middleware.rb:57:in `call'
  actionpack (4.1.6) lib/action_dispatch/middleware/debug_exceptions.rb:17:in `call'
  actionpack (4.1.6) lib/action_dispatch/middleware/show_exceptions.rb:30:in `call'
  railties (4.1.6) lib/rails/rack/logger.rb:38:in `call_app'
  railties (4.1.6) lib/rails/rack/logger.rb:20:in `block in call'
  activesupport (4.1.6) lib/active_support/tagged_logging.rb:68:in `block in tagged'
  activesupport (4.1.6) lib/active_support/tagged_logging.rb:26:in `tagged'
  activesupport (4.1.6) lib/active_support/tagged_logging.rb:68:in `tagged'
  railties (4.1.6) lib/rails/rack/logger.rb:20:in `call'
  actionpack (4.1.6) lib/action_dispatch/middleware/request_id.rb:21:in `call'
  rack (1.5.5) lib/rack/methodoverride.rb:21:in `call'
  rack (1.5.5) lib/rack/runtime.rb:17:in `call'
  activesupport (4.1.6) lib/active_support/cache/strategy/local_cache_middleware.rb:26:in `call'
  rack (1.5.5) lib/rack/lock.rb:17:in `call'
  actionpack (4.1.6) lib/action_dispatch/middleware/static.rb:64:in `call'
  rack (1.5.5) lib/rack/sendfile.rb:112:in `call'
  railties (4.1.6) lib/rails/engine.rb:514:in `call'
  railties (4.1.6) lib/rails/application.rb:144:in `call'
  rack (1.5.5) lib/rack/lock.rb:17:in `call'
  rack (1.5.5) lib/rack/content_length.rb:14:in `call'
  rack (1.5.5) lib/rack/handler/webrick.rb:60:in `service'
  /home/daniel/.rbenv/versions/2.3.1/lib/ruby/2.3.0/webrick/httpserver.rb:140:in `service'
  /home/daniel/.rbenv/versions/2.3.1/lib/ruby/2.3.0/webrick/httpserver.rb:96:in `run'
  /home/daniel/.rbenv/versions/2.3.1/lib/ruby/2.3.0/webrick/server.rb:296:in `block in start_thread'



Started POST "/__better_errors/b1a8b92f29059164/variables" for 127.0.0.1 at 2016-10-05 20:21:57 -0700


Started GET "/cats" for 127.0.0.1 at 2016-10-05 20:21:58 -0700

ActiveRecord::PendingMigrationError - 

Migrations are pending. To resolve this issue, run:

	bin/rake db:migrate RAILS_ENV=development

:
  activerecord (4.1.6) lib/active_record/migration.rb:389:in `check_pending!'
  activerecord (4.1.6) lib/active_record/migration.rb:377:in `call'
  actionpack (4.1.6) lib/action_dispatch/middleware/callbacks.rb:29:in `block in call'
  activesupport (4.1.6) lib/active_support/callbacks.rb:82:in `run_callbacks'
  actionpack (4.1.6) lib/action_dispatch/middleware/callbacks.rb:27:in `call'
  actionpack (4.1.6) lib/action_dispatch/middleware/reloader.rb:73:in `call'
  actionpack (4.1.6) lib/action_dispatch/middleware/remote_ip.rb:76:in `call'
  better_errors (2.1.1) lib/better_errors/middleware.rb:84:in `protected_app_call'
  better_errors (2.1.1) lib/better_errors/middleware.rb:79:in `better_errors_call'
  better_errors (2.1.1) lib/better_errors/middleware.rb:57:in `call'
  actionpack (4.1.6) lib/action_dispatch/middleware/debug_exceptions.rb:17:in `call'
  actionpack (4.1.6) lib/action_dispatch/middleware/show_exceptions.rb:30:in `call'
  railties (4.1.6) lib/rails/rack/logger.rb:38:in `call_app'
  railties (4.1.6) lib/rails/rack/logger.rb:20:in `block in call'
  activesupport (4.1.6) lib/active_support/tagged_logging.rb:68:in `block in tagged'
  activesupport (4.1.6) lib/active_support/tagged_logging.rb:26:in `tagged'
  activesupport (4.1.6) lib/active_support/tagged_logging.rb:68:in `tagged'
  railties (4.1.6) lib/rails/rack/logger.rb:20:in `call'
  actionpack (4.1.6) lib/action_dispatch/middleware/request_id.rb:21:in `call'
  rack (1.5.5) lib/rack/methodoverride.rb:21:in `call'
  rack (1.5.5) lib/rack/runtime.rb:17:in `call'
  activesupport (4.1.6) lib/active_support/cache/strategy/local_cache_middleware.rb:26:in `call'
  rack (1.5.5) lib/rack/lock.rb:17:in `call'
  actionpack (4.1.6) lib/action_dispatch/middleware/static.rb:64:in `call'
  rack (1.5.5) lib/rack/sendfile.rb:112:in `call'
  railties (4.1.6) lib/rails/engine.rb:514:in `call'
  railties (4.1.6) lib/rails/application.rb:144:in `call'
  rack (1.5.5) lib/rack/lock.rb:17:in `call'
  rack (1.5.5) lib/rack/content_length.rb:14:in `call'
  rack (1.5.5) lib/rack/handler/webrick.rb:60:in `service'
  /home/daniel/.rbenv/versions/2.3.1/lib/ruby/2.3.0/webrick/httpserver.rb:140:in `service'
  /home/daniel/.rbenv/versions/2.3.1/lib/ruby/2.3.0/webrick/httpserver.rb:96:in `run'
  /home/daniel/.rbenv/versions/2.3.1/lib/ruby/2.3.0/webrick/server.rb:296:in `block in start_thread'



Started POST "/__better_errors/7d04cf66a35170bf/variables" for 127.0.0.1 at 2016-10-05 20:21:58 -0700
  [1m[36m (62.4ms)[0m  [1mCREATE TABLE "schema_migrations" ("version" character varying(255) NOT NULL) [0m
  [1m[35m (53.8ms)[0m  CREATE UNIQUE INDEX  "unique_schema_migrations" ON "schema_migrations"  ("version")
  [1m[36mActiveRecord::SchemaMigration Load (0.4ms)[0m  [1mSELECT "schema_migrations".* FROM "schema_migrations"[0m
Migrating to CreateCats (20141030170121)
  [1m[35m (0.1ms)[0m  BEGIN
  [1m[36m (71.5ms)[0m  [1mCREATE TABLE "cats" ("id" serial primary key, "birth_date" date NOT NULL, "color" character varying(255) NOT NULL, "name" character varying(255) NOT NULL, "sex" character varying(1) NOT NULL, "description" text, "created_at" timestamp, "updated_at" timestamp) [0m
  [1m[35mSQL (0.3ms)[0m  INSERT INTO "schema_migrations" ("version") VALUES ($1)  [["version", "20141030170121"]]
  [1m[36m (17.9ms)[0m  [1mCOMMIT[0m
Migrating to CreateCatRentalRequests (20141030172156)
  [1m[35m (0.2ms)[0m  BEGIN
  [1m[36m (30.1ms)[0m  [1mCREATE TABLE "cat_rental_requests" ("id" serial primary key, "cat_id" integer NOT NULL, "end_date" date NOT NULL, "start_date" date NOT NULL, "status" character varying(255) NOT NULL, "created_at" timestamp, "updated_at" timestamp) [0m
  [1m[35m (32.3ms)[0m  CREATE  INDEX  "index_cat_rental_requests_on_cat_id" ON "cat_rental_requests"  ("cat_id")
  [1m[36mSQL (0.2ms)[0m  [1mINSERT INTO "schema_migrations" ("version") VALUES ($1)[0m  [["version", "20141030172156"]]
  [1m[35m (10.5ms)[0m  COMMIT
  [1m[36mActiveRecord::SchemaMigration Load (0.3ms)[0m  [1mSELECT "schema_migrations".* FROM "schema_migrations"[0m


Started GET "/cats" for 127.0.0.1 at 2016-10-05 20:22:17 -0700
  [1m[36mActiveRecord::SchemaMigration Load (0.4ms)[0m  [1mSELECT "schema_migrations".* FROM "schema_migrations"[0m
Processing by CatsController#index as HTML
  [1m[35mCat Load (0.7ms)[0m  SELECT "cats".* FROM "cats"
  Rendered cats/index.html.erb within layouts/application (3.4ms)
Completed 200 OK in 915ms (Views: 903.8ms | ActiveRecord: 0.7ms)


Started GET "/assets/cat_rental_requests.css?body=1" for 127.0.0.1 at 2016-10-05 20:22:18 -0700


Started GET "/assets/cats.css?body=1" for 127.0.0.1 at 2016-10-05 20:22:18 -0700


Started GET "/assets/jquery.js?body=1" for 127.0.0.1 at 2016-10-05 20:22:18 -0700


Started GET "/assets/application.css?body=1" for 127.0.0.1 at 2016-10-05 20:22:18 -0700


Started GET "/assets/turbolinks.js?body=1" for 127.0.0.1 at 2016-10-05 20:22:18 -0700


Started GET "/assets/jquery_ujs.js?body=1" for 127.0.0.1 at 2016-10-05 20:22:18 -0700


Started GET "/assets/cat_rental_requests.js?body=1" for 127.0.0.1 at 2016-10-05 20:22:18 -0700


Started GET "/assets/cats.js?body=1" for 127.0.0.1 at 2016-10-05 20:22:18 -0700


Started GET "/assets/application.js?body=1" for 127.0.0.1 at 2016-10-05 20:22:18 -0700


Started GET "/cats/new" for 127.0.0.1 at 2016-10-05 20:22:22 -0700
Processing by CatsController#new as HTML
  Rendered shared/_errors.html.erb (0.6ms)
  Rendered cats/_form.html.erb (5.0ms)
  Rendered cats/new.html.erb within layouts/application (13.8ms)
Completed 200 OK in 59ms (Views: 55.1ms | ActiveRecord: 2.4ms)


Started POST "/cats" for 127.0.0.1 at 2016-10-05 20:22:41 -0700
Processing by CatsController#create as HTML
  Parameters: {"authenticity_token"=>"GXoAe8QS+2IZ+ZO1kEAK1Ch0vnf09emq03Yay/DSGUU=", "cat"=>{"name"=>"Kitty", "birth_date"=>"2016-09-05", "color"=>"white", "sex"=>"F", "description"=>"asdf"}}
  [1m[36m (0.1ms)[0m  [1mBEGIN[0m
  [1m[35mSQL (0.3ms)[0m  INSERT INTO "cats" ("birth_date", "color", "created_at", "description", "name", "sex", "updated_at") VALUES ($1, $2, $3, $4, $5, $6, $7) RETURNING "id"  [["birth_date", "2016-09-05"], ["color", "white"], ["created_at", "2016-10-06 03:22:41.820006"], ["description", "asdf"], ["name", "Kitty"], ["sex", "F"], ["updated_at", "2016-10-06 03:22:41.820006"]]
  [1m[36m (86.5ms)[0m  [1mCOMMIT[0m
Redirected to http://localhost:3000/cats/1
Completed 302 Found in 93ms (ActiveRecord: 87.0ms)


Started GET "/cats/1" for 127.0.0.1 at 2016-10-05 20:22:41 -0700
Processing by CatsController#show as HTML
  Parameters: {"id"=>"1"}
  [1m[35mCat Load (0.2ms)[0m  SELECT  "cats".* FROM "cats"  WHERE "cats"."id" = $1 LIMIT 1  [["id", 1]]
  [1m[36mCatRentalRequest Load (0.6ms)[0m  [1mSELECT "cat_rental_requests".* FROM "cat_rental_requests"  WHERE "cat_rental_requests"."cat_id" = $1  ORDER BY start_date[0m  [["cat_id", 1]]
  Rendered cats/show.html.erb within layouts/application (19.1ms)
Completed 200 OK in 66ms (Views: 62.9ms | ActiveRecord: 1.5ms)


Started GET "/cats/1" for 127.0.0.1 at 2016-10-05 20:23:02 -0700
Processing by CatsController#show as HTML
  Parameters: {"id"=>"1"}
  [1m[35mCat Load (0.6ms)[0m  SELECT  "cats".* FROM "cats"  WHERE "cats"."id" = $1 LIMIT 1  [["id", 1]]
  [1m[36mCatRentalRequest Load (0.4ms)[0m  [1mSELECT "cat_rental_requests".* FROM "cat_rental_requests"  WHERE "cat_rental_requests"."cat_id" = $1  ORDER BY start_date[0m  [["cat_id", 1]]
  Rendered cats/show.html.erb within layouts/application (2.4ms)
Completed 200 OK in 43ms (Views: 40.8ms | ActiveRecord: 0.9ms)


Started GET "/assets/cat_rental_requests.css?body=1" for 127.0.0.1 at 2016-10-05 20:23:02 -0700


Started GET "/assets/cats.css?body=1" for 127.0.0.1 at 2016-10-05 20:23:02 -0700


Started GET "/assets/turbolinks.js?body=1" for 127.0.0.1 at 2016-10-05 20:23:02 -0700


Started GET "/assets/jquery.js?body=1" for 127.0.0.1 at 2016-10-05 20:23:02 -0700


Started GET "/assets/application.css?body=1" for 127.0.0.1 at 2016-10-05 20:23:02 -0700


Started GET "/assets/jquery_ujs.js?body=1" for 127.0.0.1 at 2016-10-05 20:23:02 -0700


Started GET "/assets/cats.js?body=1" for 127.0.0.1 at 2016-10-05 20:23:02 -0700


Started GET "/assets/cat_rental_requests.js?body=1" for 127.0.0.1 at 2016-10-05 20:23:02 -0700


Started GET "/assets/application.js?body=1" for 127.0.0.1 at 2016-10-05 20:23:02 -0700


Started GET "/cats/1" for 127.0.0.1 at 2016-10-05 20:23:04 -0700
Processing by CatsController#show as HTML
  Parameters: {"id"=>"1"}
  [1m[35mCat Load (0.3ms)[0m  SELECT  "cats".* FROM "cats"  WHERE "cats"."id" = $1 LIMIT 1  [["id", 1]]
  [1m[36mCatRentalRequest Load (0.4ms)[0m  [1mSELECT "cat_rental_requests".* FROM "cat_rental_requests"  WHERE "cat_rental_requests"."cat_id" = $1  ORDER BY start_date[0m  [["cat_id", 1]]
  Rendered cats/show.html.erb within layouts/application (1.8ms)
Completed 200 OK in 31ms (Views: 29.8ms | ActiveRecord: 0.7ms)


Started GET "/assets/cat_rental_requests.css?body=1" for 127.0.0.1 at 2016-10-05 20:23:04 -0700


Started GET "/assets/jquery.js?body=1" for 127.0.0.1 at 2016-10-05 20:23:04 -0700


Started GET "/assets/cats.css?body=1" for 127.0.0.1 at 2016-10-05 20:23:04 -0700


Started GET "/assets/application.css?body=1" for 127.0.0.1 at 2016-10-05 20:23:04 -0700


Started GET "/assets/turbolinks.js?body=1" for 127.0.0.1 at 2016-10-05 20:23:04 -0700


Started GET "/assets/jquery_ujs.js?body=1" for 127.0.0.1 at 2016-10-05 20:23:04 -0700


Started GET "/assets/cats.js?body=1" for 127.0.0.1 at 2016-10-05 20:23:04 -0700


Started GET "/assets/application.js?body=1" for 127.0.0.1 at 2016-10-05 20:23:04 -0700


Started GET "/assets/cat_rental_requests.js?body=1" for 127.0.0.1 at 2016-10-05 20:23:04 -0700


Started GET "/cats/1" for 127.0.0.1 at 2016-10-05 20:23:05 -0700
Processing by CatsController#show as HTML
  Parameters: {"id"=>"1"}
  [1m[35mCat Load (0.3ms)[0m  SELECT  "cats".* FROM "cats"  WHERE "cats"."id" = $1 LIMIT 1  [["id", 1]]
  [1m[36mCatRentalRequest Load (0.3ms)[0m  [1mSELECT "cat_rental_requests".* FROM "cat_rental_requests"  WHERE "cat_rental_requests"."cat_id" = $1  ORDER BY start_date[0m  [["cat_id", 1]]
  Rendered cats/show.html.erb within layouts/application (1.4ms)
Completed 200 OK in 35ms (Views: 33.4ms | ActiveRecord: 0.6ms)


Started GET "/assets/cats.css?body=1" for 127.0.0.1 at 2016-10-05 20:23:05 -0700


Started GET "/assets/jquery.js?body=1" for 127.0.0.1 at 2016-10-05 20:23:05 -0700


Started GET "/assets/jquery_ujs.js?body=1" for 127.0.0.1 at 2016-10-05 20:23:05 -0700


Started GET "/assets/cat_rental_requests.css?body=1" for 127.0.0.1 at 2016-10-05 20:23:05 -0700


Started GET "/assets/application.css?body=1" for 127.0.0.1 at 2016-10-05 20:23:05 -0700


Started GET "/assets/turbolinks.js?body=1" for 127.0.0.1 at 2016-10-05 20:23:05 -0700


Started GET "/assets/cat_rental_requests.js?body=1" for 127.0.0.1 at 2016-10-05 20:23:05 -0700


Started GET "/assets/cats.js?body=1" for 127.0.0.1 at 2016-10-05 20:23:05 -0700


Started GET "/assets/application.js?body=1" for 127.0.0.1 at 2016-10-05 20:23:05 -0700


Started GET "/cats/1" for 127.0.0.1 at 2016-10-05 20:23:07 -0700
Processing by CatsController#show as HTML
  Parameters: {"id"=>"1"}
  [1m[35mCat Load (0.3ms)[0m  SELECT  "cats".* FROM "cats"  WHERE "cats"."id" = $1 LIMIT 1  [["id", 1]]
  [1m[36mCatRentalRequest Load (0.5ms)[0m  [1mSELECT "cat_rental_requests".* FROM "cat_rental_requests"  WHERE "cat_rental_requests"."cat_id" = $1  ORDER BY start_date[0m  [["cat_id", 1]]
  Rendered cats/show.html.erb within layouts/application (2.2ms)
Completed 200 OK in 29ms (Views: 27.2ms | ActiveRecord: 0.8ms)


Started GET "/assets/cat_rental_requests.css?body=1" for 127.0.0.1 at 2016-10-05 20:23:07 -0700


Started GET "/assets/cats.css?body=1" for 127.0.0.1 at 2016-10-05 20:23:07 -0700


Started GET "/assets/jquery.js?body=1" for 127.0.0.1 at 2016-10-05 20:23:07 -0700


Started GET "/assets/jquery_ujs.js?body=1" for 127.0.0.1 at 2016-10-05 20:23:07 -0700


Started GET "/assets/turbolinks.js?body=1" for 127.0.0.1 at 2016-10-05 20:23:07 -0700


Started GET "/assets/application.css?body=1" for 127.0.0.1 at 2016-10-05 20:23:07 -0700


Started GET "/assets/cat_rental_requests.js?body=1" for 127.0.0.1 at 2016-10-05 20:23:07 -0700


Started GET "/assets/cats.js?body=1" for 127.0.0.1 at 2016-10-05 20:23:07 -0700


Started GET "/assets/application.js?body=1" for 127.0.0.1 at 2016-10-05 20:23:07 -0700


Started GET "/cats" for 127.0.0.1 at 2016-10-05 20:23:12 -0700
Processing by CatsController#index as HTML
  [1m[35mCat Load (0.3ms)[0m  SELECT "cats".* FROM "cats"
  Rendered cats/index.html.erb within layouts/application (1.2ms)
Completed 200 OK in 29ms (Views: 28.7ms | ActiveRecord: 0.3ms)


Started GET "/assets/cat_rental_requests.css?body=1" for 127.0.0.1 at 2016-10-05 20:23:12 -0700


Started GET "/assets/cats.css?body=1" for 127.0.0.1 at 2016-10-05 20:23:12 -0700


Started GET "/assets/application.css?body=1" for 127.0.0.1 at 2016-10-05 20:23:12 -0700


Started GET "/assets/jquery.js?body=1" for 127.0.0.1 at 2016-10-05 20:23:12 -0700


Started GET "/assets/jquery_ujs.js?body=1" for 127.0.0.1 at 2016-10-05 20:23:12 -0700


Started GET "/assets/turbolinks.js?body=1" for 127.0.0.1 at 2016-10-05 20:23:12 -0700


Started GET "/assets/cat_rental_requests.js?body=1" for 127.0.0.1 at 2016-10-05 20:23:12 -0700


Started GET "/assets/cats.js?body=1" for 127.0.0.1 at 2016-10-05 20:23:12 -0700


Started GET "/assets/application.js?body=1" for 127.0.0.1 at 2016-10-05 20:23:12 -0700


Started GET "/cats/1" for 127.0.0.1 at 2016-10-05 20:23:14 -0700
Processing by CatsController#show as HTML
  Parameters: {"id"=>"1"}
  [1m[36mCat Load (0.3ms)[0m  [1mSELECT  "cats".* FROM "cats"  WHERE "cats"."id" = $1 LIMIT 1[0m  [["id", 1]]
  [1m[35mCatRentalRequest Load (0.3ms)[0m  SELECT "cat_rental_requests".* FROM "cat_rental_requests"  WHERE "cat_rental_requests"."cat_id" = $1  ORDER BY start_date  [["cat_id", 1]]
  Rendered cats/show.html.erb within layouts/application (3.1ms)
Completed 200 OK in 46ms (Views: 44.1ms | ActiveRecord: 0.7ms)


Started GET "/cats/1" for 127.0.0.1 at 2016-10-05 20:23:27 -0700
Processing by CatsController#show as HTML
  Parameters: {"id"=>"1"}
  [1m[36mCat Load (0.3ms)[0m  [1mSELECT  "cats".* FROM "cats"  WHERE "cats"."id" = $1 LIMIT 1[0m  [["id", 1]]
  [1m[35mCatRentalRequest Load (0.3ms)[0m  SELECT "cat_rental_requests".* FROM "cat_rental_requests"  WHERE "cat_rental_requests"."cat_id" = $1  ORDER BY start_date  [["cat_id", 1]]
  Rendered cats/show.html.erb within layouts/application (1.8ms)
Completed 200 OK in 38ms (Views: 36.5ms | ActiveRecord: 0.7ms)


Started GET "/assets/cat_rental_requests.css?body=1" for 127.0.0.1 at 2016-10-05 20:23:27 -0700


Started GET "/assets/jquery.js?body=1" for 127.0.0.1 at 2016-10-05 20:23:27 -0700


Started GET "/assets/application.css?body=1" for 127.0.0.1 at 2016-10-05 20:23:27 -0700


Started GET "/assets/jquery_ujs.js?body=1" for 127.0.0.1 at 2016-10-05 20:23:27 -0700


Started GET "/assets/cats.css?body=1" for 127.0.0.1 at 2016-10-05 20:23:27 -0700


Started GET "/assets/turbolinks.js?body=1" for 127.0.0.1 at 2016-10-05 20:23:27 -0700


Started GET "/assets/cat_rental_requests.js?body=1" for 127.0.0.1 at 2016-10-05 20:23:27 -0700


Started GET "/assets/cats.js?body=1" for 127.0.0.1 at 2016-10-05 20:23:27 -0700


Started GET "/assets/application.js?body=1" for 127.0.0.1 at 2016-10-05 20:23:27 -0700


Started GET "/cats/1" for 127.0.0.1 at 2016-10-05 20:23:28 -0700
Processing by CatsController#show as HTML
  Parameters: {"id"=>"1"}
  [1m[36mCat Load (0.2ms)[0m  [1mSELECT  "cats".* FROM "cats"  WHERE "cats"."id" = $1 LIMIT 1[0m  [["id", 1]]
  [1m[35mCatRentalRequest Load (0.6ms)[0m  SELECT "cat_rental_requests".* FROM "cat_rental_requests"  WHERE "cat_rental_requests"."cat_id" = $1  ORDER BY start_date  [["cat_id", 1]]
  Rendered cats/show.html.erb within layouts/application (2.8ms)
Completed 200 OK in 33ms (Views: 31.0ms | ActiveRecord: 0.8ms)


Started GET "/assets/cat_rental_requests.css?body=1" for 127.0.0.1 at 2016-10-05 20:23:28 -0700


Started GET "/assets/jquery.js?body=1" for 127.0.0.1 at 2016-10-05 20:23:28 -0700


Started GET "/assets/jquery_ujs.js?body=1" for 127.0.0.1 at 2016-10-05 20:23:28 -0700


Started GET "/assets/turbolinks.js?body=1" for 127.0.0.1 at 2016-10-05 20:23:28 -0700


Started GET "/assets/cats.css?body=1" for 127.0.0.1 at 2016-10-05 20:23:28 -0700


Started GET "/assets/application.css?body=1" for 127.0.0.1 at 2016-10-05 20:23:28 -0700


Started GET "/assets/cat_rental_requests.js?body=1" for 127.0.0.1 at 2016-10-05 20:23:28 -0700


Started GET "/assets/application.js?body=1" for 127.0.0.1 at 2016-10-05 20:23:28 -0700


Started GET "/assets/cats.js?body=1" for 127.0.0.1 at 2016-10-05 20:23:28 -0700


Started GET "/cats" for 127.0.0.1 at 2016-10-05 20:23:31 -0700
Processing by CatsController#index as HTML
  [1m[36mCat Load (0.3ms)[0m  [1mSELECT "cats".* FROM "cats"[0m
  Rendered cats/index.html.erb within layouts/application (0.9ms)
Completed 200 OK in 30ms (Views: 29.6ms | ActiveRecord: 0.3ms)


Started GET "/assets/cat_rental_requests.css?body=1" for 127.0.0.1 at 2016-10-05 20:23:31 -0700


Started GET "/assets/cats.css?body=1" for 127.0.0.1 at 2016-10-05 20:23:31 -0700


Started GET "/assets/application.css?body=1" for 127.0.0.1 at 2016-10-05 20:23:31 -0700


Started GET "/assets/jquery.js?body=1" for 127.0.0.1 at 2016-10-05 20:23:31 -0700


Started GET "/assets/jquery_ujs.js?body=1" for 127.0.0.1 at 2016-10-05 20:23:31 -0700


Started GET "/assets/turbolinks.js?body=1" for 127.0.0.1 at 2016-10-05 20:23:31 -0700


Started GET "/assets/cat_rental_requests.js?body=1" for 127.0.0.1 at 2016-10-05 20:23:31 -0700


Started GET "/assets/cats.js?body=1" for 127.0.0.1 at 2016-10-05 20:23:31 -0700


Started GET "/assets/application.js?body=1" for 127.0.0.1 at 2016-10-05 20:23:31 -0700


Started GET "/cats/1" for 127.0.0.1 at 2016-10-05 20:23:33 -0700
Processing by CatsController#show as HTML
  Parameters: {"id"=>"1"}
  [1m[35mCat Load (0.3ms)[0m  SELECT  "cats".* FROM "cats"  WHERE "cats"."id" = $1 LIMIT 1  [["id", 1]]
  [1m[36mCatRentalRequest Load (0.3ms)[0m  [1mSELECT "cat_rental_requests".* FROM "cat_rental_requests"  WHERE "cat_rental_requests"."cat_id" = $1  ORDER BY start_date[0m  [["cat_id", 1]]
  Rendered cats/show.html.erb within layouts/application (1.7ms)
Completed 200 OK in 41ms (Views: 39.5ms | ActiveRecord: 0.5ms)


Started GET "/cats/1/edit" for 127.0.0.1 at 2016-10-05 20:23:49 -0700
Processing by CatsController#edit as HTML
  Parameters: {"id"=>"1"}
  [1m[35mCat Load (0.2ms)[0m  SELECT  "cats".* FROM "cats"  WHERE "cats"."id" = $1 LIMIT 1  [["id", 1]]
  Rendered shared/_errors.html.erb (0.1ms)
  Rendered cats/_form.html.erb (0.5ms)
  Rendered cats/edit.html.erb within layouts/application (2.7ms)
Completed 200 OK in 46ms (Views: 44.9ms | ActiveRecord: 0.2ms)


Started GET "/cats/1" for 127.0.0.1 at 2016-10-05 20:24:53 -0700
Processing by CatsController#show as HTML
  Parameters: {"id"=>"1"}
  [1m[36mCat Load (0.3ms)[0m  [1mSELECT  "cats".* FROM "cats"  WHERE "cats"."id" = $1 LIMIT 1[0m  [["id", 1]]
  [1m[35mCatRentalRequest Load (0.5ms)[0m  SELECT "cat_rental_requests".* FROM "cat_rental_requests"  WHERE "cat_rental_requests"."cat_id" = $1  ORDER BY start_date  [["cat_id", 1]]
  Rendered cats/show.html.erb within layouts/application (1.8ms)
Completed 200 OK in 29ms (Views: 27.6ms | ActiveRecord: 0.8ms)


Started GET "/assets/cat_rental_requests.css?body=1" for 127.0.0.1 at 2016-10-05 20:24:53 -0700


Started GET "/assets/application.css?body=1" for 127.0.0.1 at 2016-10-05 20:24:53 -0700


Started GET "/assets/jquery.js?body=1" for 127.0.0.1 at 2016-10-05 20:24:53 -0700


Started GET "/assets/cats.css?body=1" for 127.0.0.1 at 2016-10-05 20:24:53 -0700


Started GET "/assets/turbolinks.js?body=1" for 127.0.0.1 at 2016-10-05 20:24:53 -0700


Started GET "/assets/jquery_ujs.js?body=1" for 127.0.0.1 at 2016-10-05 20:24:53 -0700


Started GET "/assets/cat_rental_requests.js?body=1" for 127.0.0.1 at 2016-10-05 20:24:53 -0700


Started GET "/assets/cats.js?body=1" for 127.0.0.1 at 2016-10-05 20:24:53 -0700


Started GET "/assets/application.js?body=1" for 127.0.0.1 at 2016-10-05 20:24:53 -0700


Started GET "/cats/1" for 127.0.0.1 at 2016-10-05 20:24:54 -0700
Processing by CatsController#show as HTML
  Parameters: {"id"=>"1"}
  [1m[36mCat Load (0.2ms)[0m  [1mSELECT  "cats".* FROM "cats"  WHERE "cats"."id" = $1 LIMIT 1[0m  [["id", 1]]
  [1m[35mCatRentalRequest Load (0.2ms)[0m  SELECT "cat_rental_requests".* FROM "cat_rental_requests"  WHERE "cat_rental_requests"."cat_id" = $1  ORDER BY start_date  [["cat_id", 1]]
  Rendered cats/show.html.erb within layouts/application (1.3ms)
Completed 200 OK in 35ms (Views: 33.8ms | ActiveRecord: 0.4ms)


Started GET "/assets/cat_rental_requests.css?body=1" for 127.0.0.1 at 2016-10-05 20:24:54 -0700


Started GET "/assets/application.css?body=1" for 127.0.0.1 at 2016-10-05 20:24:54 -0700


Started GET "/assets/jquery.js?body=1" for 127.0.0.1 at 2016-10-05 20:24:54 -0700


Started GET "/assets/turbolinks.js?body=1" for 127.0.0.1 at 2016-10-05 20:24:55 -0700


Started GET "/assets/jquery_ujs.js?body=1" for 127.0.0.1 at 2016-10-05 20:24:55 -0700


Started GET "/assets/cats.css?body=1" for 127.0.0.1 at 2016-10-05 20:24:55 -0700


Started GET "/assets/cat_rental_requests.js?body=1" for 127.0.0.1 at 2016-10-05 20:24:55 -0700


Started GET "/assets/cats.js?body=1" for 127.0.0.1 at 2016-10-05 20:24:55 -0700


Started GET "/assets/application.js?body=1" for 127.0.0.1 at 2016-10-05 20:24:55 -0700


Started GET "/cats/1/edit" for 127.0.0.1 at 2016-10-05 20:24:56 -0700
Processing by CatsController#edit as HTML
  Parameters: {"id"=>"1"}
  [1m[36mCat Load (0.3ms)[0m  [1mSELECT  "cats".* FROM "cats"  WHERE "cats"."id" = $1 LIMIT 1[0m  [["id", 1]]
  Rendered shared/_errors.html.erb (0.1ms)
  Rendered cats/_form.html.erb (0.6ms)
  Rendered cats/edit.html.erb within layouts/application (2.8ms)
Completed 200 OK in 46ms (Views: 44.4ms | ActiveRecord: 0.3ms)


Started GET "/cats/1/edit" for 127.0.0.1 at 2016-10-05 20:25:15 -0700
Processing by CatsController#edit as HTML
  Parameters: {"id"=>"1"}
  [1m[35mCat Load (0.2ms)[0m  SELECT  "cats".* FROM "cats"  WHERE "cats"."id" = $1 LIMIT 1  [["id", 1]]
  Rendered shared/_errors.html.erb (0.1ms)
  Rendered cats/_form.html.erb (0.5ms)
  Rendered cats/edit.html.erb within layouts/application (1.5ms)
Completed 200 OK in 34ms (Views: 33.4ms | ActiveRecord: 0.2ms)


Started GET "/assets/cat_rental_requests.css?body=1" for 127.0.0.1 at 2016-10-05 20:25:15 -0700


Started GET "/assets/jquery_ujs.js?body=1" for 127.0.0.1 at 2016-10-05 20:25:15 -0700


Started GET "/assets/turbolinks.js?body=1" for 127.0.0.1 at 2016-10-05 20:25:15 -0700


Started GET "/assets/cats.css?body=1" for 127.0.0.1 at 2016-10-05 20:25:15 -0700


Started GET "/assets/application.css?body=1" for 127.0.0.1 at 2016-10-05 20:25:15 -0700


Started GET "/assets/jquery.js?body=1" for 127.0.0.1 at 2016-10-05 20:25:15 -0700


Started GET "/assets/cat_rental_requests.js?body=1" for 127.0.0.1 at 2016-10-05 20:25:15 -0700


Started GET "/assets/cats.js?body=1" for 127.0.0.1 at 2016-10-05 20:25:15 -0700


Started GET "/assets/application.js?body=1" for 127.0.0.1 at 2016-10-05 20:25:15 -0700


Started GET "/cats/1/edit" for 127.0.0.1 at 2016-10-05 20:25:48 -0700
Processing by CatsController#edit as HTML
  Parameters: {"id"=>"1"}
  [1m[36mCat Load (0.3ms)[0m  [1mSELECT  "cats".* FROM "cats"  WHERE "cats"."id" = $1 LIMIT 1[0m  [["id", 1]]
  Rendered shared/_errors.html.erb (0.1ms)
  Rendered cats/_form.html.erb (0.4ms)
  Rendered cats/edit.html.erb within layouts/application (1.5ms)
Completed 200 OK in 30ms (Views: 28.4ms | ActiveRecord: 0.3ms)


Started GET "/assets/cat_rental_requests.css?body=1" for 127.0.0.1 at 2016-10-05 20:25:48 -0700


Started GET "/assets/cats.css?body=1" for 127.0.0.1 at 2016-10-05 20:25:48 -0700


Started GET "/assets/jquery_ujs.js?body=1" for 127.0.0.1 at 2016-10-05 20:25:48 -0700


Started GET "/assets/cat_rental_requests.js?body=1" for 127.0.0.1 at 2016-10-05 20:25:48 -0700


Started GET "/assets/jquery.js?body=1" for 127.0.0.1 at 2016-10-05 20:25:48 -0700


Started GET "/assets/application.css?body=1" for 127.0.0.1 at 2016-10-05 20:25:48 -0700


Started GET "/assets/turbolinks.js?body=1" for 127.0.0.1 at 2016-10-05 20:25:48 -0700


Started GET "/assets/cats.js?body=1" for 127.0.0.1 at 2016-10-05 20:25:48 -0700


Started GET "/assets/application.js?body=1" for 127.0.0.1 at 2016-10-05 20:25:48 -0700


Started PATCH "/cats/1" for 127.0.0.1 at 2016-10-05 20:25:51 -0700
Processing by CatsController#update as HTML
  Parameters: {"authenticity_token"=>"GXoAe8QS+2IZ+ZO1kEAK1Ch0vnf09emq03Yay/DSGUU=", "cat"=>{"name"=>"Kitty", "birth_date"=>"2016-09-05", "color"=>"white", "sex"=>"F", "description"=>"asdf"}, "id"=>"1"}
  [1m[35mCat Load (0.2ms)[0m  SELECT  "cats".* FROM "cats"  WHERE "cats"."id" = $1 LIMIT 1  [["id", 1]]
  [1m[36m (0.1ms)[0m  [1mBEGIN[0m
  [1m[35m (0.2ms)[0m  COMMIT
Redirected to http://localhost:3000/cats/1
Completed 302 Found in 2ms (ActiveRecord: 0.5ms)


Started GET "/cats/1" for 127.0.0.1 at 2016-10-05 20:25:51 -0700
Processing by CatsController#show as HTML
  Parameters: {"id"=>"1"}
  [1m[36mCat Load (0.2ms)[0m  [1mSELECT  "cats".* FROM "cats"  WHERE "cats"."id" = $1 LIMIT 1[0m  [["id", 1]]
  [1m[35mCatRentalRequest Load (0.2ms)[0m  SELECT "cat_rental_requests".* FROM "cat_rental_requests"  WHERE "cat_rental_requests"."cat_id" = $1  ORDER BY start_date  [["cat_id", 1]]
  Rendered cats/show.html.erb within layouts/application (1.9ms)
Completed 200 OK in 31ms (Views: 29.2ms | ActiveRecord: 0.4ms)


Started GET "/assets/cat_rental_requests.css?body=1" for 127.0.0.1 at 2016-10-05 20:25:51 -0700


Started GET "/assets/cats.css?body=1" for 127.0.0.1 at 2016-10-05 20:25:51 -0700


Started GET "/assets/jquery.js?body=1" for 127.0.0.1 at 2016-10-05 20:25:51 -0700


Started GET "/assets/turbolinks.js?body=1" for 127.0.0.1 at 2016-10-05 20:25:51 -0700


Started GET "/assets/jquery_ujs.js?body=1" for 127.0.0.1 at 2016-10-05 20:25:51 -0700


Started GET "/assets/application.css?body=1" for 127.0.0.1 at 2016-10-05 20:25:51 -0700


Started GET "/assets/cat_rental_requests.js?body=1" for 127.0.0.1 at 2016-10-05 20:25:51 -0700


Started GET "/assets/cats.js?body=1" for 127.0.0.1 at 2016-10-05 20:25:51 -0700


Started GET "/assets/application.js?body=1" for 127.0.0.1 at 2016-10-05 20:25:51 -0700


Started GET "/cats" for 127.0.0.1 at 2016-10-05 20:25:55 -0700
Processing by CatsController#index as HTML
  [1m[36mCat Load (0.3ms)[0m  [1mSELECT "cats".* FROM "cats"[0m
  Rendered cats/index.html.erb within layouts/application (1.1ms)
Completed 200 OK in 37ms (Views: 36.5ms | ActiveRecord: 0.3ms)


Started GET "/assets/cat_rental_requests.css?body=1" for 127.0.0.1 at 2016-10-05 20:25:55 -0700


Started GET "/assets/cats.css?body=1" for 127.0.0.1 at 2016-10-05 20:25:55 -0700


Started GET "/assets/application.css?body=1" for 127.0.0.1 at 2016-10-05 20:25:55 -0700


Started GET "/assets/jquery.js?body=1" for 127.0.0.1 at 2016-10-05 20:25:55 -0700


Started GET "/assets/jquery_ujs.js?body=1" for 127.0.0.1 at 2016-10-05 20:25:55 -0700


Started GET "/assets/turbolinks.js?body=1" for 127.0.0.1 at 2016-10-05 20:25:55 -0700


Started GET "/assets/cat_rental_requests.js?body=1" for 127.0.0.1 at 2016-10-05 20:25:55 -0700


Started GET "/assets/cats.js?body=1" for 127.0.0.1 at 2016-10-05 20:25:55 -0700


Started GET "/assets/application.js?body=1" for 127.0.0.1 at 2016-10-05 20:25:55 -0700


Started GET "/cats/new" for 127.0.0.1 at 2016-10-05 20:25:57 -0700
Processing by CatsController#new as HTML
  Rendered cats/new.html.erb within layouts/application (1.4ms)
Completed 500 Internal Server Error in 3ms

SyntaxError - syntax error, unexpected keyword_ensure, expecting end-of-input:
  app/views/cats/new.html.erb:8:in `'
  actionview (4.1.6) lib/action_view/template.rb:297:in `compile'
  actionview (4.1.6) lib/action_view/template.rb:245:in `block (2 levels) in compile!'
  activesupport (4.1.6) lib/active_support/notifications.rb:161:in `instrument'
  actionview (4.1.6) lib/action_view/template.rb:339:in `instrument'
  actionview (4.1.6) lib/action_view/template.rb:244:in `block in compile!'
  actionview (4.1.6) lib/action_view/template.rb:232:in `compile!'
  actionview (4.1.6) lib/action_view/template.rb:144:in `block in render'
  activesupport (4.1.6) lib/active_support/notifications.rb:161:in `instrument'
  actionview (4.1.6) lib/action_view/template.rb:339:in `instrument'
  actionview (4.1.6) lib/action_view/template.rb:143:in `render'
  actionview (4.1.6) lib/action_view/renderer/template_renderer.rb:55:in `block (2 levels) in render_template'
  actionview (4.1.6) lib/action_view/renderer/abstract_renderer.rb:38:in `block in instrument'
  activesupport (4.1.6) lib/active_support/notifications.rb:159:in `block in instrument'
  activesupport (4.1.6) lib/active_support/notifications/instrumenter.rb:20:in `instrument'
  activesupport (4.1.6) lib/active_support/notifications.rb:159:in `instrument'
  actionview (4.1.6) lib/action_view/renderer/abstract_renderer.rb:38:in `instrument'
  actionview (4.1.6) lib/action_view/renderer/template_renderer.rb:54:in `block in render_template'
  actionview (4.1.6) lib/action_view/renderer/template_renderer.rb:62:in `render_with_layout'
  actionview (4.1.6) lib/action_view/renderer/template_renderer.rb:53:in `render_template'
  actionview (4.1.6) lib/action_view/renderer/template_renderer.rb:17:in `render'
  actionview (4.1.6) lib/action_view/renderer/renderer.rb:42:in `render_template'
  actionview (4.1.6) lib/action_view/renderer/renderer.rb:23:in `render'
  actionview (4.1.6) lib/action_view/rendering.rb:99:in `_render_template'
  actionpack (4.1.6) lib/action_controller/metal/streaming.rb:217:in `_render_template'
  actionview (4.1.6) lib/action_view/rendering.rb:82:in `render_to_body'
  actionpack (4.1.6) lib/action_controller/metal/rendering.rb:32:in `render_to_body'
  actionpack (4.1.6) lib/action_controller/metal/renderers.rb:32:in `render_to_body'
  actionpack (4.1.6) lib/abstract_controller/rendering.rb:25:in `render'
  actionpack (4.1.6) lib/action_controller/metal/rendering.rb:16:in `render'
  actionpack (4.1.6) lib/action_controller/metal/instrumentation.rb:41:in `block (2 levels) in render'
  activesupport (4.1.6) lib/active_support/core_ext/benchmark.rb:12:in `block in ms'
  /home/daniel/.rbenv/versions/2.3.1/lib/ruby/2.3.0/benchmark.rb:308:in `realtime'
  activesupport (4.1.6) lib/active_support/core_ext/benchmark.rb:12:in `ms'
  actionpack (4.1.6) lib/action_controller/metal/instrumentation.rb:41:in `block in render'
  actionpack (4.1.6) lib/action_controller/metal/instrumentation.rb:84:in `cleanup_view_runtime'
  activerecord (4.1.6) lib/active_record/railties/controller_runtime.rb:25:in `cleanup_view_runtime'
  actionpack (4.1.6) lib/action_controller/metal/instrumentation.rb:40:in `render'
  app/controllers/cats_controller.rb:14:in `new'
  actionpack (4.1.6) lib/action_controller/metal/implicit_render.rb:4:in `send_action'
  actionpack (4.1.6) lib/abstract_controller/base.rb:189:in `process_action'
  actionpack (4.1.6) lib/action_controller/metal/rendering.rb:10:in `process_action'
  actionpack (4.1.6) lib/abstract_controller/callbacks.rb:20:in `block in process_action'
  activesupport (4.1.6) lib/active_support/callbacks.rb:113:in `call'
  activesupport (4.1.6) lib/active_support/callbacks.rb:166:in `block in halting'
  activesupport (4.1.6) lib/active_support/callbacks.rb:86:in `run_callbacks'
  actionpack (4.1.6) lib/abstract_controller/callbacks.rb:19:in `process_action'
  actionpack (4.1.6) lib/action_controller/metal/rescue.rb:29:in `process_action'
  actionpack (4.1.6) lib/action_controller/metal/instrumentation.rb:31:in `block in process_action'
  activesupport (4.1.6) lib/active_support/notifications.rb:159:in `block in instrument'
  activesupport (4.1.6) lib/active_support/notifications/instrumenter.rb:20:in `instrument'
  activesupport (4.1.6) lib/active_support/notifications.rb:159:in `instrument'
  actionpack (4.1.6) lib/action_controller/metal/instrumentation.rb:30:in `process_action'
  actionpack (4.1.6) lib/action_controller/metal/params_wrapper.rb:250:in `process_action'
  activerecord (4.1.6) lib/active_record/railties/controller_runtime.rb:18:in `process_action'
  actionpack (4.1.6) lib/abstract_controller/base.rb:136:in `process'
  actionview (4.1.6) lib/action_view/rendering.rb:30:in `process'
  actionpack (4.1.6) lib/action_controller/metal.rb:196:in `dispatch'
  actionpack (4.1.6) lib/action_controller/metal/rack_delegation.rb:13:in `dispatch'
  actionpack (4.1.6) lib/action_controller/metal.rb:232:in `block in action'
  actionpack (4.1.6) lib/action_dispatch/routing/route_set.rb:82:in `dispatch'
  actionpack (4.1.6) lib/action_dispatch/routing/route_set.rb:50:in `call'
  actionpack (4.1.6) lib/action_dispatch/journey/router.rb:73:in `block in call'
  actionpack (4.1.6) lib/action_dispatch/journey/router.rb:59:in `call'
  actionpack (4.1.6) lib/action_dispatch/routing/route_set.rb:678:in `call'
  rack (1.5.5) lib/rack/etag.rb:23:in `call'
  rack (1.5.5) lib/rack/conditionalget.rb:25:in `call'
  rack (1.5.5) lib/rack/head.rb:11:in `call'
  actionpack (4.1.6) lib/action_dispatch/middleware/params_parser.rb:27:in `call'
  actionpack (4.1.6) lib/action_dispatch/middleware/flash.rb:254:in `call'
  rack (1.5.5) lib/rack/session/abstract/id.rb:225:in `context'
  rack (1.5.5) lib/rack/session/abstract/id.rb:220:in `call'
  actionpack (4.1.6) lib/action_dispatch/middleware/cookies.rb:560:in `call'
  activerecord (4.1.6) lib/active_record/query_cache.rb:36:in `call'
  activerecord (4.1.6) lib/active_record/connection_adapters/abstract/connection_pool.rb:621:in `call'
  activerecord (4.1.6) lib/active_record/migration.rb:380:in `call'
  actionpack (4.1.6) lib/action_dispatch/middleware/callbacks.rb:29:in `block in call'
  activesupport (4.1.6) lib/active_support/callbacks.rb:82:in `run_callbacks'
  actionpack (4.1.6) lib/action_dispatch/middleware/callbacks.rb:27:in `call'
  actionpack (4.1.6) lib/action_dispatch/middleware/reloader.rb:73:in `call'
  actionpack (4.1.6) lib/action_dispatch/middleware/remote_ip.rb:76:in `call'
  better_errors (2.1.1) lib/better_errors/middleware.rb:84:in `protected_app_call'
  better_errors (2.1.1) lib/better_errors/middleware.rb:79:in `better_errors_call'
  better_errors (2.1.1) lib/better_errors/middleware.rb:57:in `call'
  actionpack (4.1.6) lib/action_dispatch/middleware/debug_exceptions.rb:17:in `call'
  actionpack (4.1.6) lib/action_dispatch/middleware/show_exceptions.rb:30:in `call'
  railties (4.1.6) lib/rails/rack/logger.rb:38:in `call_app'
  railties (4.1.6) lib/rails/rack/logger.rb:20:in `block in call'
  activesupport (4.1.6) lib/active_support/tagged_logging.rb:68:in `block in tagged'
  activesupport (4.1.6) lib/active_support/tagged_logging.rb:26:in `tagged'
  activesupport (4.1.6) lib/active_support/tagged_logging.rb:68:in `tagged'
  railties (4.1.6) lib/rails/rack/logger.rb:20:in `call'
  actionpack (4.1.6) lib/action_dispatch/middleware/request_id.rb:21:in `call'
  rack (1.5.5) lib/rack/methodoverride.rb:21:in `call'
  rack (1.5.5) lib/rack/runtime.rb:17:in `call'
  activesupport (4.1.6) lib/active_support/cache/strategy/local_cache_middleware.rb:26:in `call'
  rack (1.5.5) lib/rack/lock.rb:17:in `call'
  actionpack (4.1.6) lib/action_dispatch/middleware/static.rb:64:in `call'
  rack (1.5.5) lib/rack/sendfile.rb:112:in `call'
  railties (4.1.6) lib/rails/engine.rb:514:in `call'
  railties (4.1.6) lib/rails/application.rb:144:in `call'
  rack (1.5.5) lib/rack/lock.rb:17:in `call'
  rack (1.5.5) lib/rack/content_length.rb:14:in `call'
  rack (1.5.5) lib/rack/handler/webrick.rb:60:in `service'
  /home/daniel/.rbenv/versions/2.3.1/lib/ruby/2.3.0/webrick/httpserver.rb:140:in `service'
  /home/daniel/.rbenv/versions/2.3.1/lib/ruby/2.3.0/webrick/httpserver.rb:96:in `run'
  /home/daniel/.rbenv/versions/2.3.1/lib/ruby/2.3.0/webrick/server.rb:296:in `block in start_thread'



Started POST "/__better_errors/ca7d8f1900db1ad8/variables" for 127.0.0.1 at 2016-10-05 20:25:57 -0700


Started GET "/cats/new" for 127.0.0.1 at 2016-10-05 20:26:09 -0700
Processing by CatsController#new as HTML
  Rendered shared/_errors.html.erb (0.1ms)
  Rendered cats/_form.html.erb (0.3ms)
  Rendered cats/new.html.erb within layouts/application (2.1ms)
Completed 200 OK in 39ms (Views: 35.8ms | ActiveRecord: 0.0ms)


Started GET "/assets/cat_rental_requests.css?body=1" for 127.0.0.1 at 2016-10-05 20:26:09 -0700


Started GET "/assets/cats.css?body=1" for 127.0.0.1 at 2016-10-05 20:26:09 -0700


Started GET "/assets/turbolinks.js?body=1" for 127.0.0.1 at 2016-10-05 20:26:09 -0700


Started GET "/assets/jquery_ujs.js?body=1" for 127.0.0.1 at 2016-10-05 20:26:09 -0700


Started GET "/assets/jquery.js?body=1" for 127.0.0.1 at 2016-10-05 20:26:09 -0700


Started GET "/assets/application.css?body=1" for 127.0.0.1 at 2016-10-05 20:26:09 -0700


Started GET "/assets/cat_rental_requests.js?body=1" for 127.0.0.1 at 2016-10-05 20:26:09 -0700


Started GET "/assets/cats.js?body=1" for 127.0.0.1 at 2016-10-05 20:26:09 -0700


Started GET "/assets/application.js?body=1" for 127.0.0.1 at 2016-10-05 20:26:09 -0700


Started GET "/cats/new" for 127.0.0.1 at 2016-10-05 20:26:31 -0700
Processing by CatsController#new as HTML
  Rendered shared/_errors.html.erb (0.0ms)
  Rendered cats/_form.html.erb (0.3ms)
  Rendered cats/new.html.erb within layouts/application (1.1ms)
Completed 200 OK in 31ms (Views: 30.1ms | ActiveRecord: 0.0ms)


Started GET "/assets/cat_rental_requests.css?body=1" for 127.0.0.1 at 2016-10-05 20:26:31 -0700


Started GET "/assets/cats.css?body=1" for 127.0.0.1 at 2016-10-05 20:26:31 -0700


Started GET "/assets/cat_rental_requests.js?body=1" for 127.0.0.1 at 2016-10-05 20:26:31 -0700


Started GET "/assets/jquery_ujs.js?body=1" for 127.0.0.1 at 2016-10-05 20:26:31 -0700


Started GET "/assets/jquery.js?body=1" for 127.0.0.1 at 2016-10-05 20:26:31 -0700


Started GET "/assets/turbolinks.js?body=1" for 127.0.0.1 at 2016-10-05 20:26:31 -0700


Started GET "/assets/application.css?body=1" for 127.0.0.1 at 2016-10-05 20:26:31 -0700


Started GET "/assets/application.js?body=1" for 127.0.0.1 at 2016-10-05 20:26:31 -0700


Started GET "/assets/cats.js?body=1" for 127.0.0.1 at 2016-10-05 20:26:31 -0700


Started GET "/cats/new" for 127.0.0.1 at 2016-10-05 20:26:32 -0700
Processing by CatsController#new as HTML
  Rendered shared/_errors.html.erb (0.0ms)
  Rendered cats/_form.html.erb (0.2ms)
  Rendered cats/new.html.erb within layouts/application (1.2ms)
Completed 200 OK in 32ms (Views: 30.8ms | ActiveRecord: 0.0ms)


Started GET "/assets/cat_rental_requests.css?body=1" for 127.0.0.1 at 2016-10-05 20:26:32 -0700


Started GET "/assets/cats.css?body=1" for 127.0.0.1 at 2016-10-05 20:26:32 -0700


Started GET "/assets/jquery.js?body=1" for 127.0.0.1 at 2016-10-05 20:26:32 -0700


Started GET "/assets/turbolinks.js?body=1" for 127.0.0.1 at 2016-10-05 20:26:32 -0700


Started GET "/assets/jquery_ujs.js?body=1" for 127.0.0.1 at 2016-10-05 20:26:32 -0700


Started GET "/assets/application.css?body=1" for 127.0.0.1 at 2016-10-05 20:26:32 -0700


Started GET "/assets/cat_rental_requests.js?body=1" for 127.0.0.1 at 2016-10-05 20:26:32 -0700


Started GET "/assets/cats.js?body=1" for 127.0.0.1 at 2016-10-05 20:26:32 -0700


Started GET "/assets/application.js?body=1" for 127.0.0.1 at 2016-10-05 20:26:32 -0700


Started GET "/cats/new" for 127.0.0.1 at 2016-10-05 20:27:20 -0700
Processing by CatsController#new as HTML
  Rendered shared/_errors.html.erb (0.1ms)
  Rendered cats/_form.html.erb (0.5ms)
  Rendered cats/new.html.erb within layouts/application (2.2ms)
Completed 200 OK in 33ms (Views: 32.8ms | ActiveRecord: 0.0ms)


Started GET "/assets/cat_rental_requests.css?body=1" for 127.0.0.1 at 2016-10-05 20:27:20 -0700


Started GET "/assets/application.css?body=1" for 127.0.0.1 at 2016-10-05 20:27:20 -0700


Started GET "/assets/turbolinks.js?body=1" for 127.0.0.1 at 2016-10-05 20:27:20 -0700


Started GET "/assets/cats.css?body=1" for 127.0.0.1 at 2016-10-05 20:27:20 -0700


Started GET "/assets/jquery_ujs.js?body=1" for 127.0.0.1 at 2016-10-05 20:27:20 -0700


Started GET "/assets/jquery.js?body=1" for 127.0.0.1 at 2016-10-05 20:27:20 -0700


Started GET "/assets/cat_rental_requests.js?body=1" for 127.0.0.1 at 2016-10-05 20:27:20 -0700


Started GET "/assets/cats.js?body=1" for 127.0.0.1 at 2016-10-05 20:27:20 -0700


Started GET "/assets/application.js?body=1" for 127.0.0.1 at 2016-10-05 20:27:20 -0700


Started GET "/cats/new" for 127.0.0.1 at 2016-10-05 20:27:22 -0700
Processing by CatsController#new as HTML
  Rendered shared/_errors.html.erb (0.0ms)
  Rendered cats/_form.html.erb (0.2ms)
  Rendered cats/new.html.erb within layouts/application (0.9ms)
Completed 200 OK in 32ms (Views: 31.8ms | ActiveRecord: 0.0ms)


Started GET "/assets/cat_rental_requests.css?body=1" for 127.0.0.1 at 2016-10-05 20:27:22 -0700


Started GET "/assets/cats.css?body=1" for 127.0.0.1 at 2016-10-05 20:27:22 -0700


Started GET "/assets/jquery.js?body=1" for 127.0.0.1 at 2016-10-05 20:27:22 -0700


Started GET "/assets/jquery_ujs.js?body=1" for 127.0.0.1 at 2016-10-05 20:27:22 -0700


Started GET "/assets/application.css?body=1" for 127.0.0.1 at 2016-10-05 20:27:22 -0700


Started GET "/assets/turbolinks.js?body=1" for 127.0.0.1 at 2016-10-05 20:27:22 -0700


Started GET "/assets/cat_rental_requests.js?body=1" for 127.0.0.1 at 2016-10-05 20:27:22 -0700


Started GET "/assets/application.js?body=1" for 127.0.0.1 at 2016-10-05 20:27:22 -0700


Started GET "/assets/cats.js?body=1" for 127.0.0.1 at 2016-10-05 20:27:22 -0700


Started GET "/cats" for 127.0.0.1 at 2016-10-05 20:27:25 -0700
Processing by CatsController#index as HTML
  [1m[35mCat Load (0.2ms)[0m  SELECT "cats".* FROM "cats"
  Rendered cats/index.html.erb within layouts/application (0.9ms)
Completed 200 OK in 34ms (Views: 32.9ms | ActiveRecord: 0.2ms)


Started GET "/assets/cat_rental_requests.css?body=1" for 127.0.0.1 at 2016-10-05 20:27:25 -0700


Started GET "/assets/cats.css?body=1" for 127.0.0.1 at 2016-10-05 20:27:25 -0700


Started GET "/assets/application.css?body=1" for 127.0.0.1 at 2016-10-05 20:27:25 -0700


Started GET "/assets/jquery.js?body=1" for 127.0.0.1 at 2016-10-05 20:27:25 -0700


Started GET "/assets/jquery_ujs.js?body=1" for 127.0.0.1 at 2016-10-05 20:27:25 -0700


Started GET "/assets/turbolinks.js?body=1" for 127.0.0.1 at 2016-10-05 20:27:25 -0700


Started GET "/assets/cat_rental_requests.js?body=1" for 127.0.0.1 at 2016-10-05 20:27:25 -0700


Started GET "/assets/cats.js?body=1" for 127.0.0.1 at 2016-10-05 20:27:25 -0700


Started GET "/assets/application.js?body=1" for 127.0.0.1 at 2016-10-05 20:27:25 -0700


Started GET "/cats" for 127.0.0.1 at 2016-10-05 20:28:05 -0700
Processing by CatsController#index as HTML
  [1m[36mCat Load (0.3ms)[0m  [1mSELECT "cats".* FROM "cats"[0m
  Rendered cats/index.html.erb within layouts/application (1.6ms)
Completed 200 OK in 29ms (Views: 28.1ms | ActiveRecord: 0.3ms)


Started GET "/assets/cats.css?body=1" for 127.0.0.1 at 2016-10-05 20:28:05 -0700


Started GET "/assets/cat_rental_requests.css?body=1" for 127.0.0.1 at 2016-10-05 20:28:05 -0700


Started GET "/assets/application.css?body=1" for 127.0.0.1 at 2016-10-05 20:28:05 -0700


Started GET "/assets/jquery.js?body=1" for 127.0.0.1 at 2016-10-05 20:28:05 -0700


Started GET "/assets/cat_rental_requests.js?body=1" for 127.0.0.1 at 2016-10-05 20:28:05 -0700


Started GET "/assets/jquery_ujs.js?body=1" for 127.0.0.1 at 2016-10-05 20:28:05 -0700


Started GET "/assets/turbolinks.js?body=1" for 127.0.0.1 at 2016-10-05 20:28:05 -0700


Started GET "/assets/cats.js?body=1" for 127.0.0.1 at 2016-10-05 20:28:05 -0700


Started GET "/assets/application.js?body=1" for 127.0.0.1 at 2016-10-05 20:28:05 -0700


Started GET "/cats" for 127.0.0.1 at 2016-10-05 20:29:05 -0700
Processing by CatsController#index as HTML
  [1m[35mCat Load (0.4ms)[0m  SELECT "cats".* FROM "cats"
  Rendered cats/index.html.erb within layouts/application (1.4ms)
Completed 200 OK in 35ms (Views: 34.1ms | ActiveRecord: 0.4ms)


Started GET "/assets/cat_rental_requests.css?body=1" for 127.0.0.1 at 2016-10-05 20:29:05 -0700


Started GET "/assets/cats.css?body=1" for 127.0.0.1 at 2016-10-05 20:29:05 -0700


Started GET "/assets/application.css?body=1" for 127.0.0.1 at 2016-10-05 20:29:05 -0700


Started GET "/assets/jquery.js?body=1" for 127.0.0.1 at 2016-10-05 20:29:05 -0700


Started GET "/assets/jquery_ujs.js?body=1" for 127.0.0.1 at 2016-10-05 20:29:05 -0700


Started GET "/assets/turbolinks.js?body=1" for 127.0.0.1 at 2016-10-05 20:29:05 -0700


Started GET "/assets/cat_rental_requests.js?body=1" for 127.0.0.1 at 2016-10-05 20:29:05 -0700


Started GET "/assets/cats.js?body=1" for 127.0.0.1 at 2016-10-05 20:29:05 -0700


Started GET "/assets/application.js?body=1" for 127.0.0.1 at 2016-10-05 20:29:05 -0700


Started GET "/cats/1" for 127.0.0.1 at 2016-10-05 20:29:07 -0700
Processing by CatsController#show as HTML
  Parameters: {"id"=>"1"}
  [1m[36mCat Load (0.4ms)[0m  [1mSELECT  "cats".* FROM "cats"  WHERE "cats"."id" = $1 LIMIT 1[0m  [["id", 1]]
  [1m[35mCatRentalRequest Load (0.3ms)[0m  SELECT "cat_rental_requests".* FROM "cat_rental_requests"  WHERE "cat_rental_requests"."cat_id" = $1  ORDER BY start_date  [["cat_id", 1]]
  Rendered cats/show.html.erb within layouts/application (2.7ms)
Completed 200 OK in 46ms (Views: 43.7ms | ActiveRecord: 0.7ms)


Started GET "/cats/1" for 127.0.0.1 at 2016-10-05 20:29:17 -0700
Processing by CatsController#show as HTML
  Parameters: {"id"=>"1"}
  [1m[36mCat Load (0.2ms)[0m  [1mSELECT  "cats".* FROM "cats"  WHERE "cats"."id" = $1 LIMIT 1[0m  [["id", 1]]
  [1m[35mCatRentalRequest Load (0.2ms)[0m  SELECT "cat_rental_requests".* FROM "cat_rental_requests"  WHERE "cat_rental_requests"."cat_id" = $1  ORDER BY start_date  [["cat_id", 1]]
  Rendered cats/show.html.erb within layouts/application (1.2ms)
Completed 200 OK in 34ms (Views: 32.3ms | ActiveRecord: 0.4ms)


Started GET "/assets/cat_rental_requests.css?body=1" for 127.0.0.1 at 2016-10-05 20:29:17 -0700


Started GET "/assets/cats.css?body=1" for 127.0.0.1 at 2016-10-05 20:29:17 -0700


Started GET "/assets/application.css?body=1" for 127.0.0.1 at 2016-10-05 20:29:17 -0700


Started GET "/assets/turbolinks.js?body=1" for 127.0.0.1 at 2016-10-05 20:29:17 -0700


Started GET "/assets/jquery.js?body=1" for 127.0.0.1 at 2016-10-05 20:29:17 -0700


Started GET "/assets/jquery_ujs.js?body=1" for 127.0.0.1 at 2016-10-05 20:29:17 -0700


Started GET "/assets/cat_rental_requests.js?body=1" for 127.0.0.1 at 2016-10-05 20:29:17 -0700


Started GET "/assets/cats.js?body=1" for 127.0.0.1 at 2016-10-05 20:29:17 -0700


Started GET "/assets/application.js?body=1" for 127.0.0.1 at 2016-10-05 20:29:17 -0700


Started GET "/cats" for 127.0.0.1 at 2016-10-05 20:31:24 -0700
Processing by CatsController#index as HTML
  [1m[36mCat Load (0.4ms)[0m  [1mSELECT "cats".* FROM "cats"[0m
  Rendered cats/index.html.erb within layouts/application (1.5ms)
Completed 200 OK in 45ms (Views: 43.5ms | ActiveRecord: 0.4ms)


Started GET "/cats" for 127.0.0.1 at 2016-10-05 21:18:08 -0700
Processing by CatsController#index as HTML
  [1m[35mCat Load (0.8ms)[0m  SELECT "cats".* FROM "cats"
  Rendered cats/index.html.erb within layouts/application (7.1ms)
Completed 200 OK in 67ms (Views: 61.9ms | ActiveRecord: 3.2ms)


Started GET "/assets/application.css?body=1" for 127.0.0.1 at 2016-10-05 21:18:08 -0700


Started GET "/assets/cat_rental_requests.css?body=1" for 127.0.0.1 at 2016-10-05 21:18:08 -0700


Started GET "/assets/jquery.js?body=1" for 127.0.0.1 at 2016-10-05 21:18:08 -0700


Started GET "/assets/cats.css?body=1" for 127.0.0.1 at 2016-10-05 21:18:08 -0700


Started GET "/assets/jquery_ujs.js?body=1" for 127.0.0.1 at 2016-10-05 21:18:08 -0700


Started GET "/assets/turbolinks.js?body=1" for 127.0.0.1 at 2016-10-05 21:18:08 -0700


Started GET "/assets/cat_rental_requests.js?body=1" for 127.0.0.1 at 2016-10-05 21:18:08 -0700


Started GET "/assets/cats.js?body=1" for 127.0.0.1 at 2016-10-05 21:18:08 -0700


Started GET "/assets/application.js?body=1" for 127.0.0.1 at 2016-10-05 21:18:08 -0700


Started GET "/cats/new" for 127.0.0.1 at 2016-10-05 21:18:10 -0700
Processing by CatsController#new as HTML
  Rendered shared/_errors.html.erb (0.1ms)
  Rendered cats/_form.html.erb (0.5ms)
  Rendered cats/new.html.erb within layouts/application (2.1ms)
  Rendered user_mailer/welcome_email.html.erb (0.3ms)

UserMailer#welcome_email: processed outbound mail in 203.9ms

Sent mail to dsulfaro1@gmail.com (4.9ms)
Date: Wed, 05 Oct 2016 21:18:10 -0700
From: everybody@appacademy.io
To: dsulfaro1@gmail.com
Message-ID: <57f5d0827b4b5_27182afcf34ecd78469fb@daniel-Q550LF.mail>
Subject: Hey Dan, it's your code?
Mime-Version: 1.0
Content-Type: text/html;
 charset=UTF-8
Content-Transfer-Encoding: 7bit

<!DOCTYPE html>
<html>
  <head>
    <meta content='text/html; charset=UTF-8' http-equiv='Content-Type' />
  </head>
  <body>
    <h1>Welcome to 99cats</h1>
    <p>
      You have successfully signed up to 99cats,
      your username is: weee!!<br/>
    </p>
    <p>
      To login to the site, just follow this link: murrrr.
    </p>
    <p>Thanks for joining and have a great day!</p>
  </body>
</html>

Completed 200 OK in 255ms (Views: 42.2ms | ActiveRecord: 0.0ms)


Started POST "/cats" for 127.0.0.1 at 2016-10-05 21:18:21 -0700
Processing by CatsController#create as HTML
  Parameters: {"authenticity_token"=>"GXoAe8QS+2IZ+ZO1kEAK1Ch0vnf09emq03Yay/DSGUU=", "cat"=>{"name"=>"yay", "birth_date"=>"2016-10-04", "color"=>"white", "sex"=>"F", "description"=>"asdf"}}
  [1m[36m (0.2ms)[0m  [1mBEGIN[0m
  [1m[35mSQL (0.3ms)[0m  INSERT INTO "cats" ("birth_date", "color", "created_at", "description", "name", "sex", "updated_at") VALUES ($1, $2, $3, $4, $5, $6, $7) RETURNING "id"  [["birth_date", "2016-10-04"], ["color", "white"], ["created_at", "2016-10-06 04:18:21.446764"], ["description", "asdf"], ["name", "yay"], ["sex", "F"], ["updated_at", "2016-10-06 04:18:21.446764"]]
  [1m[36m (58.7ms)[0m  [1mCOMMIT[0m
Redirected to http://localhost:3000/cats/2
Completed 302 Found in 63ms (ActiveRecord: 59.2ms)


Started GET "/cats/2" for 127.0.0.1 at 2016-10-05 21:18:21 -0700
Processing by CatsController#show as HTML
  Parameters: {"id"=>"2"}
  [1m[35mCat Load (0.2ms)[0m  SELECT  "cats".* FROM "cats"  WHERE "cats"."id" = $1 LIMIT 1  [["id", 2]]
  [1m[36mCatRentalRequest Load (0.2ms)[0m  [1mSELECT "cat_rental_requests".* FROM "cat_rental_requests"  WHERE "cat_rental_requests"."cat_id" = $1  ORDER BY start_date[0m  [["cat_id", 2]]
  Rendered cats/show.html.erb within layouts/application (4.5ms)
Completed 200 OK in 30ms (Views: 28.4ms | ActiveRecord: 1.0ms)


Started GET "/assets/cat_rental_requests.css?body=1" for 127.0.0.1 at 2016-10-05 21:18:21 -0700


Started GET "/assets/jquery_ujs.js?body=1" for 127.0.0.1 at 2016-10-05 21:18:21 -0700


Started GET "/assets/jquery.js?body=1" for 127.0.0.1 at 2016-10-05 21:18:21 -0700


Started GET "/assets/turbolinks.js?body=1" for 127.0.0.1 at 2016-10-05 21:18:21 -0700


Started GET "/assets/application.css?body=1" for 127.0.0.1 at 2016-10-05 21:18:21 -0700


Started GET "/assets/cats.css?body=1" for 127.0.0.1 at 2016-10-05 21:18:21 -0700


Started GET "/assets/cat_rental_requests.js?body=1" for 127.0.0.1 at 2016-10-05 21:18:21 -0700


Started GET "/assets/cats.js?body=1" for 127.0.0.1 at 2016-10-05 21:18:21 -0700


Started GET "/assets/application.js?body=1" for 127.0.0.1 at 2016-10-05 21:18:21 -0700


Started GET "/cats/2" for 127.0.0.1 at 2016-10-05 21:20:22 -0700
Processing by CatsController#show as HTML
  Parameters: {"id"=>"2"}
  [1m[35mCat Load (0.2ms)[0m  SELECT  "cats".* FROM "cats"  WHERE "cats"."id" = $1 LIMIT 1  [["id", 2]]
  [1m[36mCatRentalRequest Load (0.5ms)[0m  [1mSELECT "cat_rental_requests".* FROM "cat_rental_requests"  WHERE "cat_rental_requests"."cat_id" = $1  ORDER BY start_date[0m  [["cat_id", 2]]
  Rendered cats/show.html.erb within layouts/application (5.4ms)
Completed 200 OK in 34ms (Views: 26.6ms | ActiveRecord: 3.0ms)


Started GET "/assets/cat_rental_requests.css?body=1" for 127.0.0.1 at 2016-10-05 21:20:22 -0700


Started GET "/assets/application.css?body=1" for 127.0.0.1 at 2016-10-05 21:20:22 -0700


Started GET "/assets/jquery_ujs.js?body=1" for 127.0.0.1 at 2016-10-05 21:20:22 -0700


Started GET "/assets/cats.css?body=1" for 127.0.0.1 at 2016-10-05 21:20:22 -0700


Started GET "/assets/jquery.js?body=1" for 127.0.0.1 at 2016-10-05 21:20:22 -0700


Started GET "/assets/turbolinks.js?body=1" for 127.0.0.1 at 2016-10-05 21:20:22 -0700


Started GET "/assets/cat_rental_requests.js?body=1" for 127.0.0.1 at 2016-10-05 21:20:22 -0700


Started GET "/assets/cats.js?body=1" for 127.0.0.1 at 2016-10-05 21:20:22 -0700


Started GET "/assets/application.js?body=1" for 127.0.0.1 at 2016-10-05 21:20:22 -0700


Started GET "/cats" for 127.0.0.1 at 2016-10-05 21:20:24 -0700
Processing by CatsController#index as HTML
  [1m[35mCat Load (0.3ms)[0m  SELECT "cats".* FROM "cats"
  Rendered cats/index.html.erb within layouts/application (1.1ms)
Completed 200 OK in 29ms (Views: 28.0ms | ActiveRecord: 0.3ms)


Started GET "/assets/cat_rental_requests.css?body=1" for 127.0.0.1 at 2016-10-05 21:20:24 -0700


Started GET "/assets/cats.css?body=1" for 127.0.0.1 at 2016-10-05 21:20:24 -0700


Started GET "/assets/application.css?body=1" for 127.0.0.1 at 2016-10-05 21:20:24 -0700


Started GET "/assets/jquery.js?body=1" for 127.0.0.1 at 2016-10-05 21:20:24 -0700


Started GET "/assets/jquery_ujs.js?body=1" for 127.0.0.1 at 2016-10-05 21:20:24 -0700


Started GET "/assets/turbolinks.js?body=1" for 127.0.0.1 at 2016-10-05 21:20:24 -0700


Started GET "/assets/cat_rental_requests.js?body=1" for 127.0.0.1 at 2016-10-05 21:20:24 -0700


Started GET "/assets/cats.js?body=1" for 127.0.0.1 at 2016-10-05 21:20:24 -0700


Started GET "/assets/application.js?body=1" for 127.0.0.1 at 2016-10-05 21:20:24 -0700


Started GET "/cats/new" for 127.0.0.1 at 2016-10-05 21:20:25 -0700
Processing by CatsController#new as HTML
  Rendered shared/_errors.html.erb (0.0ms)
  Rendered cats/_form.html.erb (0.3ms)
  Rendered cats/new.html.erb within layouts/application (1.2ms)
Completed 200 OK in 36ms (Views: 35.6ms | ActiveRecord: 0.0ms)


Started POST "/cats" for 127.0.0.1 at 2016-10-05 21:20:32 -0700
Processing by CatsController#create as HTML
  Parameters: {"authenticity_token"=>"GXoAe8QS+2IZ+ZO1kEAK1Ch0vnf09emq03Yay/DSGUU=", "cat"=>{"name"=>"asdf", "birth_date"=>"2016-11-01", "color"=>"white", "sex"=>"F", "description"=>"asdf"}}
  [1m[36m (0.2ms)[0m  [1mBEGIN[0m
  [1m[35mSQL (0.4ms)[0m  INSERT INTO "cats" ("birth_date", "color", "created_at", "description", "name", "sex", "updated_at") VALUES ($1, $2, $3, $4, $5, $6, $7) RETURNING "id"  [["birth_date", "2016-11-01"], ["color", "white"], ["created_at", "2016-10-06 04:20:32.831276"], ["description", "asdf"], ["name", "asdf"], ["sex", "F"], ["updated_at", "2016-10-06 04:20:32.831276"]]
  [1m[36m (67.7ms)[0m  [1mCOMMIT[0m
Redirected to http://localhost:3000/cats/3
  Rendered user_mailer/welcome_email.html.erb (0.0ms)

UserMailer#welcome_email: processed outbound mail in 3.7ms

Sent mail to dsulfaro1@gmail.com (1.8ms)
Date: Wed, 05 Oct 2016 21:20:32 -0700
From: everybody@appacademy.io
To: dsulfaro1@gmail.com
Message-ID: <57f5d110ddd9f_27182afcf1f7f6c0470c8@daniel-Q550LF.mail>
Subject: Hey Dan, it's your code?
Mime-Version: 1.0
Content-Type: text/html;
 charset=UTF-8
Content-Transfer-Encoding: 7bit

<!DOCTYPE html>
<html>
  <head>
    <meta content='text/html; charset=UTF-8' http-equiv='Content-Type' />
  </head>
  <body>
    <h1>Welcome to 99cats</h1>
    <p>
      You have successfully signed up to 99cats,
      your username is: weee!!<br/>
    </p>
    <p>
      To login to the site, just follow this link: murrrr.
    </p>
    <p>Thanks for joining and have a great day!</p>
  </body>
</html>

Completed 302 Found in 80ms (ActiveRecord: 68.2ms)


Started GET "/cats/3" for 127.0.0.1 at 2016-10-05 21:20:32 -0700
Processing by CatsController#show as HTML
  Parameters: {"id"=>"3"}
  [1m[35mCat Load (0.2ms)[0m  SELECT  "cats".* FROM "cats"  WHERE "cats"."id" = $1 LIMIT 1  [["id", 3]]
  [1m[36mCatRentalRequest Load (0.1ms)[0m  [1mSELECT "cat_rental_requests".* FROM "cat_rental_requests"  WHERE "cat_rental_requests"."cat_id" = $1  ORDER BY start_date[0m  [["cat_id", 3]]
  Rendered cats/show.html.erb within layouts/application (1.1ms)
Completed 200 OK in 27ms (Views: 25.6ms | ActiveRecord: 0.3ms)


Started GET "/assets/cat_rental_requests.css?body=1" for 127.0.0.1 at 2016-10-05 21:20:33 -0700


Started GET "/assets/cats.css?body=1" for 127.0.0.1 at 2016-10-05 21:20:33 -0700


Started GET "/assets/application.css?body=1" for 127.0.0.1 at 2016-10-05 21:20:33 -0700


Started GET "/assets/jquery.js?body=1" for 127.0.0.1 at 2016-10-05 21:20:33 -0700


Started GET "/assets/jquery_ujs.js?body=1" for 127.0.0.1 at 2016-10-05 21:20:33 -0700


Started GET "/assets/turbolinks.js?body=1" for 127.0.0.1 at 2016-10-05 21:20:33 -0700


Started GET "/assets/cat_rental_requests.js?body=1" for 127.0.0.1 at 2016-10-05 21:20:33 -0700


Started GET "/assets/cats.js?body=1" for 127.0.0.1 at 2016-10-05 21:20:33 -0700


Started GET "/assets/application.js?body=1" for 127.0.0.1 at 2016-10-05 21:20:33 -0700
